{"/Users/richard/src/doi-regex/spec/test.js":{"path":"/Users/richard/src/doi-regex/spec/test.js","s":{"1":1,"2":1,"3":1,"4":1,"5":1,"6":1,"7":1,"8":1,"9":1,"10":1,"11":1,"12":1,"13":1,"14":1,"15":4,"16":1,"17":1,"18":1,"19":4,"20":1,"21":1,"22":1,"23":4,"24":1,"25":1,"26":1,"27":1,"28":1,"29":1,"30":1,"31":1,"32":1,"33":1,"34":1,"35":5,"36":1,"37":1,"38":1,"39":1,"40":1,"41":1,"42":1,"43":1,"44":1,"45":1,"46":1,"47":2,"48":1,"49":2,"50":1,"51":1,"52":1,"53":2,"54":1,"55":4,"56":1,"57":1,"58":1,"59":2,"60":1,"61":4,"62":1,"63":1,"64":1,"65":2,"66":1,"67":4,"68":1},"b":{"1":[1,0]},"f":{"1":1,"2":4,"3":1,"4":4,"5":1,"6":4,"7":1,"8":1,"9":1,"10":1,"11":1,"12":5,"13":1,"14":1,"15":1,"16":1,"17":1,"18":2,"19":2,"20":1,"21":2,"22":4,"23":1,"24":2,"25":4,"26":1,"27":2,"28":4},"fnMap":{"1":{"name":"(anonymous_1)","line":56,"loc":{"start":{"line":56,"column":30},"end":{"line":56,"column":43}}},"2":{"name":"(anonymous_2)","line":57,"loc":{"start":{"line":57,"column":14},"end":{"line":57,"column":28}}},"3":{"name":"(anonymous_3)","line":63,"loc":{"start":{"line":63,"column":32},"end":{"line":63,"column":45}}},"4":{"name":"(anonymous_4)","line":64,"loc":{"start":{"line":64,"column":14},"end":{"line":64,"column":28}}},"5":{"name":"(anonymous_5)","line":70,"loc":{"start":{"line":70,"column":34},"end":{"line":70,"column":47}}},"6":{"name":"(anonymous_6)","line":71,"loc":{"start":{"line":71,"column":17},"end":{"line":71,"column":31}}},"7":{"name":"(anonymous_7)","line":77,"loc":{"start":{"line":77,"column":32},"end":{"line":77,"column":45}}},"8":{"name":"(anonymous_8)","line":78,"loc":{"start":{"line":78,"column":22},"end":{"line":78,"column":36}}},"9":{"name":"(anonymous_9)","line":84,"loc":{"start":{"line":84,"column":40},"end":{"line":84,"column":53}}},"10":{"name":"(anonymous_10)","line":85,"loc":{"start":{"line":85,"column":22},"end":{"line":85,"column":36}}},"11":{"name":"(anonymous_11)","line":91,"loc":{"start":{"line":91,"column":36},"end":{"line":91,"column":49}}},"12":{"name":"(anonymous_12)","line":92,"loc":{"start":{"line":92,"column":25},"end":{"line":92,"column":39}}},"13":{"name":"(anonymous_13)","line":98,"loc":{"start":{"line":98,"column":41},"end":{"line":98,"column":54}}},"14":{"name":"(anonymous_14)","line":99,"loc":{"start":{"line":99,"column":40},"end":{"line":99,"column":54}}},"15":{"name":"(anonymous_15)","line":102,"loc":{"start":{"line":102,"column":32},"end":{"line":102,"column":46}}},"16":{"name":"(anonymous_16)","line":108,"loc":{"start":{"line":108,"column":64},"end":{"line":108,"column":77}}},"17":{"name":"(anonymous_17)","line":109,"loc":{"start":{"line":109,"column":40},"end":{"line":109,"column":54}}},"18":{"name":"(anonymous_18)","line":112,"loc":{"start":{"line":112,"column":37},"end":{"line":112,"column":51}}},"19":{"name":"(anonymous_19)","line":115,"loc":{"start":{"line":115,"column":44},"end":{"line":115,"column":58}}},"20":{"name":"(anonymous_20)","line":121,"loc":{"start":{"line":121,"column":44},"end":{"line":121,"column":57}}},"21":{"name":"(anonymous_21)","line":122,"loc":{"start":{"line":122,"column":20},"end":{"line":122,"column":34}}},"22":{"name":"(anonymous_22)","line":125,"loc":{"start":{"line":125,"column":14},"end":{"line":125,"column":28}}},"23":{"name":"(anonymous_23)","line":131,"loc":{"start":{"line":131,"column":39},"end":{"line":131,"column":52}}},"24":{"name":"(anonymous_24)","line":132,"loc":{"start":{"line":132,"column":20},"end":{"line":132,"column":34}}},"25":{"name":"(anonymous_25)","line":135,"loc":{"start":{"line":135,"column":14},"end":{"line":135,"column":28}}},"26":{"name":"(anonymous_26)","line":141,"loc":{"start":{"line":141,"column":45},"end":{"line":141,"column":58}}},"27":{"name":"(anonymous_27)","line":142,"loc":{"start":{"line":142,"column":20},"end":{"line":142,"column":34}}},"28":{"name":"(anonymous_28)","line":145,"loc":{"start":{"line":145,"column":14},"end":{"line":145,"column":28}}}},"statementMap":{"1":{"start":{"line":3,"column":0},"end":{"line":3,"column":26}},"2":{"start":{"line":4,"column":0},"end":{"line":4,"column":25}},"3":{"start":{"line":5,"column":0},"end":{"line":5,"column":30}},"4":{"start":{"line":7,"column":0},"end":{"line":12,"column":1}},"5":{"start":{"line":14,"column":0},"end":{"line":19,"column":1}},"6":{"start":{"line":21,"column":0},"end":{"line":23,"column":1}},"7":{"start":{"line":25,"column":0},"end":{"line":27,"column":1}},"8":{"start":{"line":29,"column":0},"end":{"line":32,"column":1}},"9":{"start":{"line":34,"column":0},"end":{"line":36,"column":1}},"10":{"start":{"line":38,"column":0},"end":{"line":41,"column":1}},"11":{"start":{"line":43,"column":0},"end":{"line":49,"column":1}},"12":{"start":{"line":51,"column":0},"end":{"line":54,"column":1}},"13":{"start":{"line":56,"column":0},"end":{"line":61,"column":2}},"14":{"start":{"line":57,"column":2},"end":{"line":59,"column":4}},"15":{"start":{"line":58,"column":4},"end":{"line":58,"column":50}},"16":{"start":{"line":60,"column":2},"end":{"line":60,"column":9}},"17":{"start":{"line":63,"column":0},"end":{"line":68,"column":2}},"18":{"start":{"line":64,"column":2},"end":{"line":66,"column":4}},"19":{"start":{"line":65,"column":4},"end":{"line":65,"column":55}},"20":{"start":{"line":67,"column":2},"end":{"line":67,"column":9}},"21":{"start":{"line":70,"column":0},"end":{"line":75,"column":2}},"22":{"start":{"line":71,"column":2},"end":{"line":73,"column":4}},"23":{"start":{"line":72,"column":4},"end":{"line":72,"column":51}},"24":{"start":{"line":74,"column":2},"end":{"line":74,"column":9}},"25":{"start":{"line":77,"column":0},"end":{"line":82,"column":2}},"26":{"start":{"line":78,"column":2},"end":{"line":80,"column":4}},"27":{"start":{"line":79,"column":4},"end":{"line":79,"column":59}},"28":{"start":{"line":81,"column":2},"end":{"line":81,"column":9}},"29":{"start":{"line":84,"column":0},"end":{"line":89,"column":2}},"30":{"start":{"line":85,"column":2},"end":{"line":87,"column":4}},"31":{"start":{"line":86,"column":4},"end":{"line":86,"column":72}},"32":{"start":{"line":88,"column":2},"end":{"line":88,"column":9}},"33":{"start":{"line":91,"column":0},"end":{"line":96,"column":2}},"34":{"start":{"line":92,"column":2},"end":{"line":94,"column":4}},"35":{"start":{"line":93,"column":4},"end":{"line":93,"column":60}},"36":{"start":{"line":95,"column":2},"end":{"line":95,"column":9}},"37":{"start":{"line":98,"column":0},"end":{"line":106,"column":2}},"38":{"start":{"line":99,"column":2},"end":{"line":101,"column":4}},"39":{"start":{"line":100,"column":4},"end":{"line":100,"column":49}},"40":{"start":{"line":102,"column":2},"end":{"line":104,"column":4}},"41":{"start":{"line":103,"column":4},"end":{"line":103,"column":50}},"42":{"start":{"line":105,"column":2},"end":{"line":105,"column":9}},"43":{"start":{"line":108,"column":0},"end":{"line":119,"column":2}},"44":{"start":{"line":109,"column":2},"end":{"line":111,"column":4}},"45":{"start":{"line":110,"column":4},"end":{"line":110,"column":66}},"46":{"start":{"line":112,"column":2},"end":{"line":114,"column":4}},"47":{"start":{"line":113,"column":4},"end":{"line":113,"column":65}},"48":{"start":{"line":115,"column":2},"end":{"line":117,"column":4}},"49":{"start":{"line":116,"column":4},"end":{"line":116,"column":66}},"50":{"start":{"line":118,"column":2},"end":{"line":118,"column":9}},"51":{"start":{"line":121,"column":0},"end":{"line":129,"column":2}},"52":{"start":{"line":122,"column":2},"end":{"line":124,"column":4}},"53":{"start":{"line":123,"column":4},"end":{"line":123,"column":47}},"54":{"start":{"line":125,"column":2},"end":{"line":127,"column":4}},"55":{"start":{"line":126,"column":4},"end":{"line":126,"column":47}},"56":{"start":{"line":128,"column":2},"end":{"line":128,"column":9}},"57":{"start":{"line":131,"column":0},"end":{"line":139,"column":2}},"58":{"start":{"line":132,"column":2},"end":{"line":134,"column":4}},"59":{"start":{"line":133,"column":4},"end":{"line":133,"column":50}},"60":{"start":{"line":135,"column":2},"end":{"line":137,"column":4}},"61":{"start":{"line":136,"column":4},"end":{"line":136,"column":50}},"62":{"start":{"line":138,"column":2},"end":{"line":138,"column":9}},"63":{"start":{"line":141,"column":0},"end":{"line":149,"column":2}},"64":{"start":{"line":142,"column":2},"end":{"line":144,"column":4}},"65":{"start":{"line":143,"column":4},"end":{"line":143,"column":53}},"66":{"start":{"line":145,"column":2},"end":{"line":147,"column":4}},"67":{"start":{"line":146,"column":4},"end":{"line":146,"column":53}},"68":{"start":{"line":148,"column":2},"end":{"line":148,"column":9}}},"branchMap":{"1":{"line":86,"type":"binary-expr","locations":[{"start":{"line":86,"column":14},"end":{"line":86,"column":50}},{"start":{"line":86,"column":54},"end":{"line":86,"column":56}}]}}},"/Users/richard/src/doi-regex/index.js":{"path":"/Users/richard/src/doi-regex/index.js","s":{"1":1,"2":1,"3":1,"4":36,"5":36,"6":1,"7":18,"8":0,"9":18,"10":18,"11":6,"12":6,"13":18,"14":18,"15":18,"16":18,"17":18,"18":1,"19":7,"20":7,"21":1,"22":7,"23":7},"b":{"1":[36,22],"2":[8,28],"3":[0,18],"4":[18,0],"5":[6,12],"6":[7,1],"7":[6,1],"8":[7,2],"9":[5,2]},"f":{"1":36,"2":18,"3":6,"4":7,"5":7},"fnMap":{"1":{"name":"(anonymous_1)","line":20,"loc":{"start":{"line":20,"column":27},"end":{"line":20,"column":43}}},"2":{"name":"(anonymous_2)","line":26,"loc":{"start":{"line":26,"column":13},"end":{"line":26,"column":28}}},"3":{"name":"(anonymous_3)","line":33,"loc":{"start":{"line":33,"column":54},"end":{"line":33,"column":67}}},"4":{"name":"(anonymous_4)","line":45,"loc":{"start":{"line":45,"column":15},"end":{"line":45,"column":31}}},"5":{"name":"(anonymous_5)","line":51,"loc":{"start":{"line":51,"column":18},"end":{"line":51,"column":34}}}},"statementMap":{"1":{"start":{"line":17,"column":0},"end":{"line":17,"column":67}},"2":{"start":{"line":18,"column":0},"end":{"line":18,"column":28}},"3":{"start":{"line":20,"column":0},"end":{"line":24,"column":1}},"4":{"start":{"line":21,"column":2},"end":{"line":21,"column":19}},"5":{"start":{"line":22,"column":2},"end":{"line":23,"column":61}},"6":{"start":{"line":26,"column":0},"end":{"line":43,"column":1}},"7":{"start":{"line":27,"column":2},"end":{"line":27,"column":22}},"8":{"start":{"line":27,"column":14},"end":{"line":27,"column":21}},"9":{"start":{"line":32,"column":2},"end":{"line":32,"column":19}},"10":{"start":{"line":33,"column":2},"end":{"line":36,"column":4}},"11":{"start":{"line":34,"column":4},"end":{"line":34,"column":20}},"12":{"start":{"line":35,"column":4},"end":{"line":35,"column":13}},"13":{"start":{"line":37,"column":2},"end":{"line":37,"column":32}},"14":{"start":{"line":38,"column":2},"end":{"line":41,"column":3}},"15":{"start":{"line":39,"column":4},"end":{"line":39,"column":18}},"16":{"start":{"line":40,"column":4},"end":{"line":40,"column":52}},"17":{"start":{"line":42,"column":2},"end":{"line":42,"column":14}},"18":{"start":{"line":45,"column":0},"end":{"line":49,"column":1}},"19":{"start":{"line":46,"column":2},"end":{"line":46,"column":19}},"20":{"start":{"line":47,"column":2},"end":{"line":48,"column":63}},"21":{"start":{"line":51,"column":0},"end":{"line":55,"column":1}},"22":{"start":{"line":52,"column":2},"end":{"line":52,"column":19}},"23":{"start":{"line":53,"column":2},"end":{"line":54,"column":67}}},"branchMap":{"1":{"line":21,"type":"binary-expr","locations":[{"start":{"line":21,"column":9},"end":{"line":21,"column":13}},{"start":{"line":21,"column":17},"end":{"line":21,"column":19}}]},"2":{"line":22,"type":"cond-expr","locations":[{"start":{"line":22,"column":22},"end":{"line":22,"column":58}},{"start":{"line":23,"column":22},"end":{"line":23,"column":61}}]},"3":{"line":27,"type":"if","locations":[{"start":{"line":27,"column":2},"end":{"line":27,"column":2}},{"start":{"line":27,"column":2},"end":{"line":27,"column":2}}]},"4":{"line":38,"type":"if","locations":[{"start":{"line":38,"column":2},"end":{"line":38,"column":2}},{"start":{"line":38,"column":2},"end":{"line":38,"column":2}}]},"5":{"line":40,"type":"cond-expr","locations":[{"start":{"line":40,"column":35},"end":{"line":40,"column":46}},{"start":{"line":40,"column":49},"end":{"line":40,"column":51}}]},"6":{"line":46,"type":"binary-expr","locations":[{"start":{"line":46,"column":9},"end":{"line":46,"column":13}},{"start":{"line":46,"column":17},"end":{"line":46,"column":19}}]},"7":{"line":47,"type":"cond-expr","locations":[{"start":{"line":47,"column":22},"end":{"line":47,"column":70}},{"start":{"line":48,"column":22},"end":{"line":48,"column":63}}]},"8":{"line":52,"type":"binary-expr","locations":[{"start":{"line":52,"column":9},"end":{"line":52,"column":13}},{"start":{"line":52,"column":17},"end":{"line":52,"column":19}}]},"9":{"line":53,"type":"cond-expr","locations":[{"start":{"line":53,"column":25},"end":{"line":53,"column":85}},{"start":{"line":54,"column":4},"end":{"line":54,"column":67}}]}}}}