{"/Users/richard/src/beaglelabs/doi-regex/test.js":{"path":"/Users/richard/src/beaglelabs/doi-regex/test.js","s":{"1":1,"2":1,"3":1,"4":1,"5":1,"6":1,"7":1,"8":1,"9":1,"10":1,"11":1,"12":1,"13":1,"14":1,"15":1,"16":1,"17":3,"18":1,"19":1,"20":1,"21":1,"22":1,"23":1,"24":1,"25":1,"26":5,"27":1,"28":1,"29":2,"30":1,"31":1,"32":1,"33":1,"34":2,"35":1,"36":1,"37":1,"38":1,"39":2,"40":1,"41":1},"b":{"1":[1,0]},"f":{"1":1,"2":1,"3":1,"4":1,"5":1,"6":3,"7":1,"8":1,"9":1,"10":1,"11":1,"12":5,"13":1,"14":2,"15":1,"16":1,"17":2,"18":1,"19":1,"20":2,"21":1},"fnMap":{"1":{"name":"(anonymous_1)","line":33,"loc":{"start":{"line":33,"column":30},"end":{"line":33,"column":43}}},"2":{"name":"(anonymous_2)","line":34,"loc":{"start":{"line":34,"column":13},"end":{"line":34,"column":27}}},"3":{"name":"(anonymous_3)","line":39,"loc":{"start":{"line":39,"column":32},"end":{"line":39,"column":45}}},"4":{"name":"(anonymous_4)","line":40,"loc":{"start":{"line":40,"column":13},"end":{"line":40,"column":27}}},"5":{"name":"(anonymous_5)","line":45,"loc":{"start":{"line":45,"column":34},"end":{"line":45,"column":47}}},"6":{"name":"(anonymous_6)","line":46,"loc":{"start":{"line":46,"column":16},"end":{"line":46,"column":30}}},"7":{"name":"(anonymous_7)","line":51,"loc":{"start":{"line":51,"column":32},"end":{"line":51,"column":45}}},"8":{"name":"(anonymous_8)","line":52,"loc":{"start":{"line":52,"column":21},"end":{"line":52,"column":35}}},"9":{"name":"(anonymous_9)","line":57,"loc":{"start":{"line":57,"column":40},"end":{"line":57,"column":53}}},"10":{"name":"(anonymous_10)","line":58,"loc":{"start":{"line":58,"column":21},"end":{"line":58,"column":35}}},"11":{"name":"(anonymous_11)","line":63,"loc":{"start":{"line":63,"column":36},"end":{"line":63,"column":49}}},"12":{"name":"(anonymous_12)","line":64,"loc":{"start":{"line":64,"column":24},"end":{"line":64,"column":38}}},"13":{"name":"(anonymous_13)","line":69,"loc":{"start":{"line":69,"column":44},"end":{"line":69,"column":57}}},"14":{"name":"(anonymous_14)","line":70,"loc":{"start":{"line":70,"column":19},"end":{"line":70,"column":33}}},"15":{"name":"(anonymous_15)","line":73,"loc":{"start":{"line":73,"column":13},"end":{"line":73,"column":27}}},"16":{"name":"(anonymous_16)","line":78,"loc":{"start":{"line":78,"column":39},"end":{"line":78,"column":52}}},"17":{"name":"(anonymous_17)","line":79,"loc":{"start":{"line":79,"column":19},"end":{"line":79,"column":33}}},"18":{"name":"(anonymous_18)","line":82,"loc":{"start":{"line":82,"column":13},"end":{"line":82,"column":27}}},"19":{"name":"(anonymous_19)","line":87,"loc":{"start":{"line":87,"column":45},"end":{"line":87,"column":58}}},"20":{"name":"(anonymous_20)","line":88,"loc":{"start":{"line":88,"column":19},"end":{"line":88,"column":33}}},"21":{"name":"(anonymous_21)","line":91,"loc":{"start":{"line":91,"column":13},"end":{"line":91,"column":27}}}},"statementMap":{"1":{"start":{"line":2,"column":0},"end":{"line":3,"column":0}},"2":{"start":{"line":3,"column":0},"end":{"line":4,"column":0}},"3":{"start":{"line":4,"column":0},"end":{"line":4,"column":29}},"4":{"start":{"line":6,"column":0},"end":{"line":8,"column":2}},"5":{"start":{"line":10,"column":0},"end":{"line":14,"column":2}},"6":{"start":{"line":16,"column":0},"end":{"line":18,"column":2}},"7":{"start":{"line":20,"column":0},"end":{"line":26,"column":2}},"8":{"start":{"line":28,"column":0},"end":{"line":33,"column":0}},"9":{"start":{"line":33,"column":0},"end":{"line":39,"column":0}},"10":{"start":{"line":34,"column":1},"end":{"line":37,"column":0}},"11":{"start":{"line":35,"column":2},"end":{"line":36,"column":1}},"12":{"start":{"line":39,"column":0},"end":{"line":45,"column":0}},"13":{"start":{"line":40,"column":1},"end":{"line":43,"column":0}},"14":{"start":{"line":41,"column":2},"end":{"line":42,"column":1}},"15":{"start":{"line":45,"column":0},"end":{"line":51,"column":0}},"16":{"start":{"line":46,"column":1},"end":{"line":49,"column":0}},"17":{"start":{"line":47,"column":2},"end":{"line":48,"column":1}},"18":{"start":{"line":51,"column":0},"end":{"line":57,"column":0}},"19":{"start":{"line":52,"column":1},"end":{"line":55,"column":0}},"20":{"start":{"line":53,"column":2},"end":{"line":54,"column":1}},"21":{"start":{"line":57,"column":0},"end":{"line":63,"column":0}},"22":{"start":{"line":58,"column":1},"end":{"line":61,"column":0}},"23":{"start":{"line":59,"column":2},"end":{"line":60,"column":1}},"24":{"start":{"line":63,"column":0},"end":{"line":69,"column":0}},"25":{"start":{"line":64,"column":1},"end":{"line":67,"column":0}},"26":{"start":{"line":65,"column":2},"end":{"line":66,"column":1}},"27":{"start":{"line":69,"column":0},"end":{"line":78,"column":0}},"28":{"start":{"line":70,"column":1},"end":{"line":73,"column":1}},"29":{"start":{"line":71,"column":2},"end":{"line":72,"column":1}},"30":{"start":{"line":73,"column":1},"end":{"line":76,"column":0}},"31":{"start":{"line":74,"column":2},"end":{"line":75,"column":1}},"32":{"start":{"line":78,"column":0},"end":{"line":87,"column":0}},"33":{"start":{"line":79,"column":1},"end":{"line":82,"column":1}},"34":{"start":{"line":80,"column":2},"end":{"line":81,"column":1}},"35":{"start":{"line":82,"column":1},"end":{"line":85,"column":0}},"36":{"start":{"line":83,"column":2},"end":{"line":84,"column":1}},"37":{"start":{"line":87,"column":0},"end":{"line":96,"column":0}},"38":{"start":{"line":88,"column":1},"end":{"line":91,"column":1}},"39":{"start":{"line":89,"column":2},"end":{"line":90,"column":1}},"40":{"start":{"line":91,"column":1},"end":{"line":94,"column":0}},"41":{"start":{"line":92,"column":2},"end":{"line":93,"column":1}}},"branchMap":{"1":{"line":59,"type":"binary-expr","locations":[{"start":{"line":59,"column":12},"end":{"line":59,"column":48}},{"start":{"line":59,"column":52},"end":{"line":59,"column":54}}]}}},"/Users/richard/src/beaglelabs/doi-regex/index.js":{"path":"/Users/richard/src/beaglelabs/doi-regex/index.js","s":{"1":1,"2":1,"3":1,"4":17,"5":17,"6":1,"7":9,"8":0,"9":9,"10":9,"11":6,"12":6,"13":9,"14":9,"15":9,"16":9,"17":9,"18":1,"19":7,"20":7},"b":{"1":[17,10],"2":[4,13],"3":[0,9],"4":[9,0],"5":[6,3],"6":[7,1],"7":[6,1]},"f":{"1":17,"2":9,"3":6,"4":7},"fnMap":{"1":{"name":"(anonymous_1)","line":8,"loc":{"start":{"line":8,"column":27},"end":{"line":8,"column":43}}},"2":{"name":"(anonymous_2)","line":14,"loc":{"start":{"line":14,"column":13},"end":{"line":14,"column":28}}},"3":{"name":"(anonymous_3)","line":21,"loc":{"start":{"line":21,"column":53},"end":{"line":21,"column":66}}},"4":{"name":"(anonymous_4)","line":33,"loc":{"start":{"line":33,"column":15},"end":{"line":33,"column":30}}}},"statementMap":{"1":{"start":{"line":5,"column":0},"end":{"line":6,"column":0}},"2":{"start":{"line":6,"column":0},"end":{"line":8,"column":0}},"3":{"start":{"line":8,"column":0},"end":{"line":14,"column":0}},"4":{"start":{"line":9,"column":1},"end":{"line":10,"column":1}},"5":{"start":{"line":10,"column":1},"end":{"line":12,"column":0}},"6":{"start":{"line":14,"column":0},"end":{"line":33,"column":0}},"7":{"start":{"line":15,"column":1},"end":{"line":15,"column":21}},"8":{"start":{"line":15,"column":13},"end":{"line":15,"column":20}},"9":{"start":{"line":20,"column":1},"end":{"line":21,"column":1}},"10":{"start":{"line":21,"column":1},"end":{"line":25,"column":1}},"11":{"start":{"line":22,"column":2},"end":{"line":23,"column":2}},"12":{"start":{"line":23,"column":2},"end":{"line":24,"column":1}},"13":{"start":{"line":25,"column":1},"end":{"line":26,"column":1}},"14":{"start":{"line":26,"column":1},"end":{"line":29,"column":2}},"15":{"start":{"line":27,"column":2},"end":{"line":28,"column":2}},"16":{"start":{"line":28,"column":2},"end":{"line":29,"column":1}},"17":{"start":{"line":30,"column":1},"end":{"line":31,"column":0}},"18":{"start":{"line":33,"column":0},"end":{"line":39,"column":0}},"19":{"start":{"line":34,"column":1},"end":{"line":35,"column":1}},"20":{"start":{"line":35,"column":1},"end":{"line":37,"column":0}}},"branchMap":{"1":{"line":9,"type":"binary-expr","locations":[{"start":{"line":9,"column":8},"end":{"line":9,"column":12}},{"start":{"line":9,"column":16},"end":{"line":9,"column":18}}]},"2":{"line":10,"type":"cond-expr","locations":[{"start":{"line":10,"column":21},"end":{"line":10,"column":57}},{"start":{"line":11,"column":11},"end":{"line":11,"column":50}}]},"3":{"line":15,"type":"if","locations":[{"start":{"line":15,"column":1},"end":{"line":15,"column":1}},{"start":{"line":15,"column":1},"end":{"line":15,"column":1}}]},"4":{"line":26,"type":"if","locations":[{"start":{"line":26,"column":1},"end":{"line":26,"column":1}},{"start":{"line":26,"column":1},"end":{"line":26,"column":1}}]},"5":{"line":28,"type":"cond-expr","locations":[{"start":{"line":28,"column":35},"end":{"line":28,"column":46}},{"start":{"line":28,"column":49},"end":{"line":28,"column":51}}]},"6":{"line":34,"type":"binary-expr","locations":[{"start":{"line":34,"column":8},"end":{"line":34,"column":12}},{"start":{"line":34,"column":16},"end":{"line":34,"column":18}}]},"7":{"line":35,"type":"cond-expr","locations":[{"start":{"line":35,"column":21},"end":{"line":35,"column":69}},{"start":{"line":36,"column":11},"end":{"line":36,"column":52}}]}}}}