TN:
SF:/Users/richard/src/beaglelabs/doi-regex/test.js
FN:33,(anonymous_1)
FN:34,(anonymous_2)
FN:39,(anonymous_3)
FN:40,(anonymous_4)
FN:45,(anonymous_5)
FN:46,(anonymous_6)
FN:51,(anonymous_7)
FN:52,(anonymous_8)
FN:57,(anonymous_9)
FN:58,(anonymous_10)
FN:63,(anonymous_11)
FN:64,(anonymous_12)
FN:69,(anonymous_13)
FN:70,(anonymous_14)
FN:73,(anonymous_15)
FN:78,(anonymous_16)
FN:79,(anonymous_17)
FN:82,(anonymous_18)
FN:87,(anonymous_19)
FN:88,(anonymous_20)
FN:91,(anonymous_21)
FNF:21
FNH:21
FNDA:1,(anonymous_1)
FNDA:1,(anonymous_2)
FNDA:1,(anonymous_3)
FNDA:1,(anonymous_4)
FNDA:1,(anonymous_5)
FNDA:3,(anonymous_6)
FNDA:1,(anonymous_7)
FNDA:1,(anonymous_8)
FNDA:1,(anonymous_9)
FNDA:1,(anonymous_10)
FNDA:1,(anonymous_11)
FNDA:5,(anonymous_12)
FNDA:1,(anonymous_13)
FNDA:2,(anonymous_14)
FNDA:1,(anonymous_15)
FNDA:1,(anonymous_16)
FNDA:2,(anonymous_17)
FNDA:1,(anonymous_18)
FNDA:1,(anonymous_19)
FNDA:2,(anonymous_20)
FNDA:1,(anonymous_21)
DA:2,1
DA:3,1
DA:4,1
DA:6,1
DA:10,1
DA:16,1
DA:20,1
DA:28,1
DA:33,1
DA:34,1
DA:35,1
DA:39,1
DA:40,1
DA:41,1
DA:45,1
DA:46,1
DA:47,3
DA:51,1
DA:52,1
DA:53,1
DA:57,1
DA:58,1
DA:59,1
DA:63,1
DA:64,1
DA:65,5
DA:69,1
DA:70,1
DA:71,2
DA:73,1
DA:74,1
DA:78,1
DA:79,1
DA:80,2
DA:82,1
DA:83,1
DA:87,1
DA:88,1
DA:89,2
DA:91,1
DA:92,1
LF:41
LH:41
BRDA:59,1,0,1
BRDA:59,1,1,0
BRF:2
BRH:1
end_of_record
TN:
SF:/Users/richard/src/beaglelabs/doi-regex/index.js
FN:8,(anonymous_1)
FN:14,(anonymous_2)
FN:21,(anonymous_3)
FN:33,(anonymous_4)
FNF:4
FNH:4
FNDA:17,(anonymous_1)
FNDA:9,(anonymous_2)
FNDA:6,(anonymous_3)
FNDA:7,(anonymous_4)
DA:5,1
DA:6,1
DA:8,1
DA:9,17
DA:10,17
DA:14,1
DA:15,9
DA:20,9
DA:21,9
DA:22,6
DA:23,6
DA:25,9
DA:26,9
DA:27,9
DA:28,9
DA:30,9
DA:33,1
DA:34,7
DA:35,7
LF:19
LH:19
BRDA:9,1,0,17
BRDA:9,1,1,10
BRDA:10,2,0,4
BRDA:10,2,1,13
BRDA:15,3,0,0
BRDA:15,3,1,9
BRDA:26,4,0,9
BRDA:26,4,1,0
BRDA:28,5,0,6
BRDA:28,5,1,3
BRDA:34,6,0,7
BRDA:34,6,1,1
BRDA:35,7,0,6
BRDA:35,7,1,1
BRF:14
BRH:12
end_of_record
