TN:
SF:/Users/richard/src/doi-regex/spec/test.js
FN:38,(anonymous_1)
FN:39,(anonymous_2)
FN:45,(anonymous_3)
FN:46,(anonymous_4)
FN:52,(anonymous_5)
FN:53,(anonymous_6)
FN:59,(anonymous_7)
FN:60,(anonymous_8)
FN:66,(anonymous_9)
FN:67,(anonymous_10)
FN:73,(anonymous_11)
FN:74,(anonymous_12)
FN:80,(anonymous_13)
FN:81,(anonymous_14)
FN:84,(anonymous_15)
FN:90,(anonymous_16)
FN:91,(anonymous_17)
FN:94,(anonymous_18)
FN:100,(anonymous_19)
FN:101,(anonymous_20)
FN:104,(anonymous_21)
FNF:21
FNH:21
FNDA:1,(anonymous_1)
FNDA:4,(anonymous_2)
FNDA:1,(anonymous_3)
FNDA:4,(anonymous_4)
FNDA:1,(anonymous_5)
FNDA:4,(anonymous_6)
FNDA:1,(anonymous_7)
FNDA:1,(anonymous_8)
FNDA:1,(anonymous_9)
FNDA:1,(anonymous_10)
FNDA:1,(anonymous_11)
FNDA:5,(anonymous_12)
FNDA:1,(anonymous_13)
FNDA:2,(anonymous_14)
FNDA:4,(anonymous_15)
FNDA:1,(anonymous_16)
FNDA:2,(anonymous_17)
FNDA:4,(anonymous_18)
FNDA:1,(anonymous_19)
FNDA:2,(anonymous_20)
FNDA:4,(anonymous_21)
DA:3,1
DA:4,1
DA:5,1
DA:7,1
DA:14,1
DA:21,1
DA:25,1
DA:33,1
DA:38,1
DA:39,1
DA:40,4
DA:42,1
DA:45,1
DA:46,1
DA:47,4
DA:49,1
DA:52,1
DA:53,1
DA:54,4
DA:56,1
DA:59,1
DA:60,1
DA:61,1
DA:63,1
DA:66,1
DA:67,1
DA:68,1
DA:70,1
DA:73,1
DA:74,1
DA:75,5
DA:77,1
DA:80,1
DA:81,1
DA:82,2
DA:84,1
DA:85,4
DA:87,1
DA:90,1
DA:91,1
DA:92,2
DA:94,1
DA:95,4
DA:97,1
DA:100,1
DA:101,1
DA:102,2
DA:104,1
DA:105,4
DA:107,1
LF:50
LH:50
BRDA:68,1,0,1
BRDA:68,1,1,0
BRF:2
BRH:1
end_of_record
TN:
SF:/Users/richard/src/doi-regex/index.js
FN:20,(anonymous_1)
FN:26,(anonymous_2)
FN:33,(anonymous_3)
FN:45,(anonymous_4)
FNF:4
FNH:4
FNDA:36,(anonymous_1)
FNDA:18,(anonymous_2)
FNDA:6,(anonymous_3)
FNDA:7,(anonymous_4)
DA:17,1
DA:18,1
DA:20,1
DA:21,36
DA:22,36
DA:26,1
DA:27,18
DA:32,18
DA:33,18
DA:34,6
DA:35,6
DA:37,18
DA:38,18
DA:39,18
DA:40,18
DA:42,18
DA:45,1
DA:46,7
DA:47,7
LF:19
LH:19
BRDA:21,1,0,36
BRDA:21,1,1,22
BRDA:22,2,0,8
BRDA:22,2,1,28
BRDA:27,3,0,0
BRDA:27,3,1,18
BRDA:38,4,0,18
BRDA:38,4,1,0
BRDA:40,5,0,6
BRDA:40,5,1,12
BRDA:46,6,0,7
BRDA:46,6,1,1
BRDA:47,7,0,6
BRDA:47,7,1,1
BRF:14
BRH:12
end_of_record
